[debug] [2020-09-26T05:14:07.246Z] ----------------------------------------------------------------------
[debug] [2020-09-26T05:14:07.252Z] Command:       C:\Program Files\nodejs\node.exe C:\Users\camil\AppData\Roaming\npm\node_modules\firebase-tools\lib\bin\firebase.js login
[debug] [2020-09-26T05:14:07.253Z] CLI Version:   8.11.1
[debug] [2020-09-26T05:14:07.253Z] Platform:      win32
[debug] [2020-09-26T05:14:07.253Z] Node Version:  v14.7.0
[debug] [2020-09-26T05:14:07.255Z] Time:          Fri Sep 25 2020 18:14:07 GMT-1100 (GMT-11:00)
[debug] [2020-09-26T05:14:07.256Z] ----------------------------------------------------------------------
[debug] [2020-09-26T05:14:07.256Z] 
[info] i  Firebase optionally collects CLI usage and error reporting information to help improve our products. Data is collected in accordance with Google's privacy policy (https://policies.google.com/privacy) and is not used to identify you.
 
[info] i  To change your data collection preference at any time, run `firebase logout` and log in again. 
[info] 
[info] Visit this URL on this device to log in:
[info] https://accounts.google.com/o/oauth2/auth?client_id=563584335869-fgrhgmd47bqnekij5i8b5pr03ho849e6.apps.googleusercontent.com&scope=email%20openid%20https%3A%2F%2Fwww.googleapis.com%2Fauth%2Fcloudplatformprojects.readonly%20https%3A%2F%2Fwww.googleapis.com%2Fauth%2Ffirebase%20https%3A%2F%2Fwww.googleapis.com%2Fauth%2Fcloud-platform&response_type=code&state=690495921&redirect_uri=http%3A%2F%2Flocalhost%3A9005
[info] 
[info] Waiting for authentication...
[debug] [2020-09-26T05:14:53.006Z] >>> HTTP REQUEST POST https://accounts.google.com/o/oauth2/token  
 {"code":"4/4gFl5H7iChBE9GORub7E8Ssjsr0E7Fh1eqZDteMc9jhLG6e0-TLyWTBqWPCnD4XweBKrvIqlEEJgq2El3gUiLQk","client_id":"563584335869-fgrhgmd47bqnekij5i8b5pr03ho849e6.apps.googleusercontent.com","client_secret":"j9iVZfS8kkCEFUPaAeJV0sAi","redirect_uri":"http://localhost:9005","grant_type":"authorization_code"}
[debug] [2020-09-26T05:14:55.071Z] Token Fetch Error: FirebaseError: Server Error. tunneling socket could not be established, cause=connect ECONNREFUSED 127.0.0.1:80
    at Request._callback (C:\Users\camil\AppData\Roaming\npm\node_modules\firebase-tools\lib\api.js:32:31)
    at self.callback (C:\Users\camil\AppData\Roaming\npm\node_modules\firebase-tools\node_modules\request\request.js:185:22)
    at Request.emit (events.js:314:20)
    at Request.EventEmitter.emit (domain.js:486:12)
    at Request.onRequestError (C:\Users\camil\AppData\Roaming\npm\node_modules\firebase-tools\node_modules\request\request.js:877:8)
    at ClientRequest.emit (events.js:314:20)
    at ClientRequest.EventEmitter.emit (domain.js:486:12)
    at ClientRequest.onError (C:\Users\camil\AppData\Roaming\npm\node_modules\firebase-tools\node_modules\tunnel-agent\index.js:179:21)
    at Object.onceWrapper (events.js:421:26)
    at ClientRequest.emit (events.js:314:20)
    at ClientRequest.EventEmitter.emit (domain.js:486:12)
    at Socket.socketErrorListener (_http_client.js:469:9)
    at Socket.emit (events.js:314:20)
    at Socket.EventEmitter.emit (domain.js:486:12)
    at emitErrorNT (internal/streams/destroy.js:100:8)
    at emitErrorCloseNT (internal/streams/destroy.js:68:3)
[debug] [2020-09-26T05:19:49.523Z] ----------------------------------------------------------------------
[debug] [2020-09-26T05:19:49.530Z] Command:       C:\Program Files\nodejs\node.exe C:\Users\camil\AppData\Roaming\npm\node_modules\firebase-tools\lib\bin\firebase.js login
[debug] [2020-09-26T05:19:49.531Z] CLI Version:   8.11.1
[debug] [2020-09-26T05:19:49.532Z] Platform:      win32
[debug] [2020-09-26T05:19:49.532Z] Node Version:  v14.7.0
[debug] [2020-09-26T05:19:49.534Z] Time:          Fri Sep 25 2020 18:19:49 GMT-1100 (GMT-11:00)
[debug] [2020-09-26T05:19:49.535Z] ----------------------------------------------------------------------
[debug] [2020-09-26T05:19:49.536Z] 
[info] i  Firebase optionally collects CLI usage and error reporting information to help improve our products. Data is collected in accordance with Google's privacy policy (https://policies.google.com/privacy) and is not used to identify you.
 
[info] i  To change your data collection preference at any time, run `firebase logout` and log in again. 
[info] 
[info] Visit this URL on this device to log in:
[info] https://accounts.google.com/o/oauth2/auth?client_id=563584335869-fgrhgmd47bqnekij5i8b5pr03ho849e6.apps.googleusercontent.com&scope=email%20openid%20https%3A%2F%2Fwww.googleapis.com%2Fauth%2Fcloudplatformprojects.readonly%20https%3A%2F%2Fwww.googleapis.com%2Fauth%2Ffirebase%20https%3A%2F%2Fwww.googleapis.com%2Fauth%2Fcloud-platform&response_type=code&state=645882085&redirect_uri=http%3A%2F%2Flocalhost%3A9005
[info] 
[info] Waiting for authentication...
[debug] [2020-09-26T05:20:15.868Z] >>> HTTP REQUEST POST https://accounts.google.com/o/oauth2/token  
 {"code":"4/4gG_Jcq4BRisenonPCvk9vNcAc1wtCzwaZY_Z1mS3Qw-FZ7hZ4Gr4yF-Q8n8miPfWPbjpG0jklLVKHtIefztjq8","client_id":"563584335869-fgrhgmd47bqnekij5i8b5pr03ho849e6.apps.googleusercontent.com","client_secret":"j9iVZfS8kkCEFUPaAeJV0sAi","redirect_uri":"http://localhost:9005","grant_type":"authorization_code"}
[debug] [2020-09-26T05:20:17.917Z] Token Fetch Error: FirebaseError: Server Error. tunneling socket could not be established, cause=connect ECONNREFUSED 127.0.0.1:80
    at Request._callback (C:\Users\camil\AppData\Roaming\npm\node_modules\firebase-tools\lib\api.js:32:31)
    at self.callback (C:\Users\camil\AppData\Roaming\npm\node_modules\firebase-tools\node_modules\request\request.js:185:22)
    at Request.emit (events.js:314:20)
    at Request.EventEmitter.emit (domain.js:486:12)
    at Request.onRequestError (C:\Users\camil\AppData\Roaming\npm\node_modules\firebase-tools\node_modules\request\request.js:877:8)
    at ClientRequest.emit (events.js:314:20)
    at ClientRequest.EventEmitter.emit (domain.js:486:12)
    at ClientRequest.onError (C:\Users\camil\AppData\Roaming\npm\node_modules\firebase-tools\node_modules\tunnel-agent\index.js:179:21)
    at Object.onceWrapper (events.js:421:26)
    at ClientRequest.emit (events.js:314:20)
    at ClientRequest.EventEmitter.emit (domain.js:486:12)
    at Socket.socketErrorListener (_http_client.js:469:9)
    at Socket.emit (events.js:314:20)
    at Socket.EventEmitter.emit (domain.js:486:12)
    at emitErrorNT (internal/streams/destroy.js:100:8)
    at emitErrorCloseNT (internal/streams/destroy.js:68:3)
